=== Started 2018-01-08T12-43-33-099 ===
[INFO ][12:43:33] 419 bad words loaded
[ERROR][12:43:33] SyntaxError: Unexpected token G in JSON at position 162
    at JSON.parse (<anonymous>)
    at GameServer.loadFiles (/home/cabox/workspace/Crazy/src/GameServer.js:1076:25)
    at new GameServer (/home/cabox/workspace/Crazy/src/GameServer.js:162:10)
    at Object.<anonymous> (/home/cabox/workspace/Crazy/src/index.js:25:18)
    at Module._compile (module.js:573:30)
    at Object.Module._extensions..js (module.js:584:10)
    at Module.load (module.js:507:32)
    at tryModuleLoad (module.js:470:12)
    at Function.Module._load (module.js:462:3)
    at Function.Module.runMain (module.js:609:10)
[ERROR][12:43:33] Failed to load ../src/enum/userRoles.json: Unexpected token G in JSON at position 162
[INFO ][12:43:33] 0 IP ban records loaded.
[INFO ][12:43:33] [1m[32mMultiOgar-Edited 1.6.1[37m - An open source multi-protocol ogar server[0m
[INFO ][12:43:33] WebSocket: ws
[INFO ][12:43:33] Started stats server on port 1110
[INFO ][12:43:33] Listening on port 1111
[INFO ][12:43:33] Current game mode is Free For All
[NONE ][12:43:33]   __  __       _ _   _  ___                        _____    _ _ _           _    _   __    _ 
 |  \/  |_   _| | |_(_)/ _ \  __ _  __ _ _ __     | ____|__| (_) |_ ___  __| |  / | / /_  / |
 | |\/| | | | | | __| | | | |/ _` |/ _` | '__|____|  _| / _` | | __/ _ \/ _` |  | || '_ \ | |
 | |  | | |_| | | |_| | |_| | (_| | (_| | | |_____| |__| (_| | | ||  __/ (_| |  | || (_) || |
 |_|  |_|\__,_|_|\__|_|\___/ \__, |\__,_|_|       |_____\__,_|_|\__\___|\__,_|  |_(_)___(_)_|
                             |___/                                                           
[NONE ][12:43:34] CONNECTED 10.0.0.4:58986, origin: "http://agarmatrix.ga"
[NONE ][12:43:37] CONNECTED 10.0.0.4:59031, origin: "http://agarmatrix.ga"
[NONE ][12:45:29] >restart
[WARN ][12:45:29] Restarting server...
[NONE ][12:45:29] DISCONNECTED 10.0.0.4:58986, code: 1000, reason: "", name: "{Donuts} Matrix"
[NONE ][12:45:29] DISCONNECTED 10.0.0.4:59031, code: 1000, reason: "", name: "Thed3stinysquad"
[NONE ][12:45:31] CONNECTED 10.0.0.4:60910, origin: "http://agarmatrix.ga"
[NONE ][12:45:32] CONNECTED 10.0.0.4:60923, origin: "http://agarmatrix.ga"
