=== Started 2017-12-31T15-04-10-717 ===
[INFO ][15:04:10] 419 bad words loaded
[WARN ][15:04:10] User account "Local User" disabled
[INFO ][15:04:10] 2 user records loaded.
[INFO ][15:04:10] 0 IP ban records loaded.
[INFO ][15:04:10] [1m[32mMultiOgar-Edited 1.6.1[37m - An open source multi-protocol ogar server[0m
[INFO ][15:04:10] WebSocket: ws
[INFO ][15:04:10] Started stats server on port 1110
[INFO ][15:04:10] Listening on port 1111
[INFO ][15:04:10] Current game mode is Free For All
[NONE ][15:04:10]   __  __       _ _   _  ___                        _____    _ _ _           _    _   __    _ 
 |  \/  |_   _| | |_(_)/ _ \  __ _  __ _ _ __     | ____|__| (_) |_ ___  __| |  / | / /_  / |
 | |\/| | | | | | __| | | | |/ _` |/ _` | '__|____|  _| / _` | | __/ _ \/ _` |  | || '_ \ | |
 | |  | | |_| | | |_| | |_| | (_| | (_| | | |_____| |__| (_| | | ||  __/ (_| |  | || (_) || |
 |_|  |_|\__,_|_|\__|_|\___/ \__, |\__,_|_|       |_____\__,_|_|\__\___|\__,_|  |_(_)___(_)_|
                             |___/                                                           
[NONE ][15:04:15] CONNECTED 10.1.0.8:57158, origin: "http://agarmatrix.ga"
[NONE ][15:25:44] >sudo 
[WARN ][15:25:44] Invalid Command!
[NONE ][15:25:47] >help
[NONE ][15:25:47]                        â”Œâ”€â”€â”€â”€â”€â”€â”€â”€â”€â”€â”€â”€â”€â”€â”€â”€â”€â”€â”€â”€â”€â”€â”€â”€â”€â”€â”€â”€â”                       
                       â”‚ LIST OF AVAILABLE COMMANDS â”‚                       
â”Œâ”€â”€â”€â”€â”€â”€â”€â”€â”€â”€â”€â”€â”€â”€â”€â”€â”€â”€â”€â”€â”€â”€â”´â”€â”€â”€â”€â”€â”€â”€â”€â”€â”€â”€â”€â”€â”€â”€â”€â”€â”€â”€â”€â”€â”€â”€â”€â”€â”€â”€â”€â”´â”€â”€â”€â”€â”€â”€â”€â”€â”€â”€â”€â”€â”€â”€â”€â”€â”€â”€â”€â”€â”€â”€â”
â”‚                         ----Players and AI----                           â”‚
â”‚                                                                          â”‚
â”‚ playerlist                   â”‚ Get list of players, bots, ID's, etc      â”‚
â”‚ minion [PlayerID] [#] [name] â”‚ Adds suicide minions to the server        â”‚
â”‚ addbot [number]              â”‚ Adds bots to the server                   â”‚
â”‚ kickbot [number]             â”‚ Kick a number of bots - No value= all goneâ”‚
â”‚ kick [PlayerID]              â”‚ Kick player or bot by client ID           â”‚
â”‚ kickall                      â”‚ Kick all players and bots                 â”‚
â”‚ kill [PlayerID]              â”‚ Kill the player by client ID              â”‚
â”‚ killall                      â”‚ Kills everyone                            â”‚
â”‚                                                                          â”‚
â”‚                          ----Player Commands----                         â”‚
â”‚                                                                          â”‚
â”‚ spawn [entity] [pos] [mass]  â”‚ Spawns an entity                          â”‚
â”‚ mass [PlayerID] [mass]       â”‚ Set cell(s) mass by client ID             â”‚
â”‚ merge [PlayerID]             â”‚ Merge all client's cells                  â”‚
â”‚ spawnmass [PlayerID] [mass]  â”‚ Sets a player's spawn mass                â”‚
â”‚ freeze [PlayerID]            â”‚ Freezes a player                          â”‚
â”‚ speed [PlayerID]             â”‚ Sets a player's base speed                â”‚
â”‚ color [PlayerID] [R] [G] [B] â”‚ Set cell(s) color by client ID            â”‚
â”‚ name [PlayerID] [name]       â”‚ Change cell(s) name by client ID          â”‚
â”‚ skin [PlayerID] [string]     â”‚ Change cell(s) skin by client ID          â”‚
â”‚ rec [PlayerID]               â”‚ Gives a player instant-recombine + more   â”‚
â”‚ split [PlayerID] [Amount]    â”‚ Forces a player to split                  â”‚
â”‚ tp [X] [Y]                   â”‚ Teleports player(s) to XY coordinates     â”‚
â”‚ replace [PlayerID] [entity]  â”‚ Replaces a player with an entity          â”‚
â”‚ pop [PlayerID]               â”‚ Pops a player with a virus                â”‚
| explode [PlayerID]           | Explodes a player into ejected mass       |
â”‚                                                                          â”‚
â”‚                          ----Server Commands----                         â”‚
â”‚                                                                          â”‚
â”‚ pause                        â”‚ Pause game, freeze all nodes              â”‚
â”‚ board [string] [string] ...  â”‚ Set scoreboard text                       â”‚
â”‚ change [setting] [value]     â”‚ Change specified settings                 â”‚
â”‚ reload                       â”‚ Reload config, banlist, and role files    â”‚
â”‚ ban [PlayerID â”‚ IP]          â”‚ Bans a player(s) IP                       â”‚
â”‚ unban [IP]                   â”‚ Unbans an IP                              â”‚
â”‚ banlist                      â”‚ Get list of banned IPs.                   â”‚
â”‚ mute [PlayerID]              â”‚ Mute player from chat by client ID        â”‚
â”‚ unmute [PlayerID]            â”‚ Unmute player from chat by client ID      â”‚
| lms                          | Starts/ends last man standing             |
| chat                         | Sends a server message to all clients     |
â”‚                                                                          â”‚
â”‚                          ----Miscellaneous----                           â”‚
â”‚                                                                          â”‚
â”‚ clear                        â”‚ Clear console output                      â”‚
â”‚ reset                        â”‚ Removes all nodes and reimplement them    â”‚
â”‚ status                       â”‚ Get server status                         â”‚
â”‚ debug                        â”‚ Get/check node lengths                    â”‚
â”‚ exit                         â”‚ Stops the server                          â”‚
â”‚ calc                         â”‚ Get size/mass from a specified value      â”‚
â”‚                                                                          â”‚
â”œâ”€â”€â”€â”€â”€â”€â”€â”€â”€â”€â”€â”€â”€â”€â”€â”€â”€â”€â”€â”€â”€â”€â”€â”€â”€â”€â”€â”€â”€â”€â”€â”€â”€â”€â”€â”€â”€â”€â”€â”€â”€â”€â”€â”€â”€â”€â”€â”€â”€â”€â”€â”€â”€â”€â”€â”€â”€â”€â”€â”€â”€â”€â”€â”€â”€â”€â”€â”€â”€â”€â”€â”€â”€â”€â”¤
â”‚         Psst! Do "shortcuts" for a list of command shortcuts!            â”‚
â””â”€â”€â”€â”€â”€â”€â”€â”€â”€â”€â”€â”€â”€â”€â”€â”€â”€â”€â”€â”€â”€â”€â”€â”€â”€â”€â”€â”€â”€â”€â”€â”€â”€â”€â”€â”€â”€â”€â”€â”€â”€â”€â”€â”€â”€â”€â”€â”€â”€â”€â”€â”€â”€â”€â”€â”€â”€â”€â”€â”€â”€â”€â”€â”€â”€â”€â”€â”€â”€â”€â”€â”€â”€â”€â”˜
[NONE ][15:25:54] >\\\
[WARN ][15:25:54] Invalid Command!
[NONE ][15:25:55] >
[NONE ][15:26:03] >banlist
[NONE ][15:26:03] Showing 0 banned IPs: 
[NONE ][15:26:03]  IP              | IP 
[NONE ][15:26:03] â”€â”€â”€â”€â”€â”€â”€â”€â”€â”€â”€â”€â”€â”€â”€â”€â”€â”€â”€â”€â”€â”€â”€â”€â”€â”€â”€â”€â”€â”€â”€â”€â”€â”€â”€
[NONE ][15:26:12] >board FUCK ME IN THE ASS
[NONE ][15:26:12] Successfully changed leaderboard values
[NONE ][15:26:12] Do "board reset" to reset leaderboard
[NONE ][15:26:18] >restart
[WARN ][15:26:18] Restarting server...
[NONE ][15:26:18] DISCONNECTED 10.1.0.8:57158, code: 1000, reason: "", name: "ZenMode"
[NONE ][15:26:21] CONNECTED 10.1.0.8:49326, origin: "http://agarmatrix.ga"
[NONE ][15:26:36] >
[FATAL][15:26:37] TypeError: Cannot read property 'setRawMode' of null
    at ReadStream.setRawMode (tty.js:61:15)
    at Interface._setRawMode (readline.js:240:16)
    at Interface.close (readline.js:364:10)
    at ReadStream.ontermend (readline.js:154:10)
    at emitNone (events.js:110:20)
    at ReadStream.emit (events.js:207:7)
    at endReadableNT (_stream_readable.js:1059:12)
    at _combinedTickCallback (internal/process/next_tick.js:138:11)
    at process._tickCallback (internal/process/next_tick.js:180:9)
[DEBUG][15:26:37] process.exit(1)
=== Shutdown 2017-12-31T15-26-37-945 ===
