=== Started 2017-12-31T16-35-08-047 ===
[INFO ][16:35:08] 419 bad words loaded
[WARN ][16:35:08] User account "Local User" disabled
[INFO ][16:35:08] 2 user records loaded.
[INFO ][16:35:08] 0 IP ban records loaded.
[INFO ][16:35:08] [1m[32mMultiOgar-Edited 1.6.1[37m - An open source multi-protocol ogar server[0m
[INFO ][16:35:08] WebSocket: ws
[INFO ][16:35:08] Started stats server on port 1110
[INFO ][16:35:08] Listening on port 1111
[INFO ][16:35:08] Current game mode is Free For All
[NONE ][16:35:08]   __  __       _ _   _  ___                        _____    _ _ _           _    _   __    _ 
 |  \/  |_   _| | |_(_)/ _ \  __ _  __ _ _ __     | ____|__| (_) |_ ___  __| |  / | / /_  / |
 | |\/| | | | | | __| | | | |/ _` |/ _` | '__|____|  _| / _` | | __/ _ \/ _` |  | || '_ \ | |
 | |  | | |_| | | |_| | |_| | (_| | (_| | | |_____| |__| (_| | | ||  __/ (_| |  | || (_) || |
 |_|  |_|\__,_|_|\__|_|\___/ \__, |\__,_|_|       |_____\__,_|_|\__\___|\__,_|  |_(_)___(_)_|
                             |___/                                                           
[NONE ][16:35:09] CONNECTED 10.1.0.8:53902, origin: "http://agarmatrix.ga"
[NONE ][16:35:27] DISCONNECTED 10.1.0.8:53902, code: 1001, reason: "", name: "{aqua} ZenMode"
[NONE ][16:47:20] >cd Crazy
[WARN ][16:47:20] Invalid Command!
