=== Started 2017-12-31T17-07-05-383 ===
[INFO ][17:07:05] 419 bad words loaded
[WARN ][17:07:05] User account "Local User" disabled
[INFO ][17:07:05] 2 user records loaded.
[INFO ][17:07:05] 0 IP ban records loaded.
[INFO ][17:07:05] [1m[32mMultiOgar-Edited 1.6.1[37m - An open source multi-protocol ogar server[0m
[INFO ][17:07:05] WebSocket: ws
[INFO ][17:07:05] Started stats server on port 1110
[INFO ][17:07:05] Listening on port 1111
[INFO ][17:07:05] Current game mode is Free For All
[NONE ][17:07:05]   __  __       _ _   _  ___                        _____    _ _ _           _    _   __    _ 
 |  \/  |_   _| | |_(_)/ _ \  __ _  __ _ _ __     | ____|__| (_) |_ ___  __| |  / | / /_  / |
 | |\/| | | | | | __| | | | |/ _` |/ _` | '__|____|  _| / _` | | __/ _ \/ _` |  | || '_ \ | |
 | |  | | |_| | | |_| | |_| | (_| | (_| | | |_____| |__| (_| | | ||  __/ (_| |  | || (_) || |
 |_|  |_|\__,_|_|\__|_|\___/ \__, |\__,_|_|       |_____\__,_|_|\__\___|\__,_|  |_(_)___(_)_|
                             |___/                                                           
[NONE ][17:07:08] CONNECTED 10.1.0.8:41776, origin: "http://agarmatrix.ga"
[NONE ][17:07:26] LOGIN        10.1.0.8:41776 as "Matrix"
[WARN ][17:08:20] You cannot give minions to a minion!
[NONE ][17:14:38] >addbot 50
[NONE ][17:14:38] Added 50 player bots
[NONE ][17:16:23] >shutdown
[WARN ][17:16:23] Invalid Command!
[NONE ][17:16:29] >restart
[WARN ][17:16:29] Restarting server...
[NONE ][17:16:29] DISCONNECTED 10.1.0.8:41776, code: 1000, reason: "", name: "Matrixᴳᵒᵈ"
