=== Started 2018-01-05T11-53-26-573 ===
[INFO ][11:53:26] 419 bad words loaded
[WARN ][11:53:26] User account "Local User" disabled
[INFO ][11:53:26] 2 user records loaded.
[INFO ][11:53:26] 0 IP ban records loaded.
[INFO ][11:53:26] [1m[32mMultiOgar-Edited 1.6.1[37m - An open source multi-protocol ogar server[0m
[INFO ][11:53:26] WebSocket: ws
[INFO ][11:53:26] Started stats server on port 1110
[INFO ][11:53:26] Listening on port 1111
[INFO ][11:53:26] Current game mode is Free For All
[NONE ][11:53:26]   __  __       _ _   _  ___                        _____    _ _ _           _    _   __    _ 
 |  \/  |_   _| | |_(_)/ _ \  __ _  __ _ _ __     | ____|__| (_) |_ ___  __| |  / | / /_  / |
 | |\/| | | | | | __| | | | |/ _` |/ _` | '__|____|  _| / _` | | __/ _ \/ _` |  | || '_ \ | |
 | |  | | |_| | | |_| | |_| | (_| | (_| | | |_____| |__| (_| | | ||  __/ (_| |  | || (_) || |
 |_|  |_|\__,_|_|\__|_|\___/ \__, |\__,_|_|       |_____\__,_|_|\__\___|\__,_|  |_(_)___(_)_|
                             |___/                                                           
[NONE ][11:53:33] CONNECTED 10.2.0.6:47161, origin: "http://ogarz.ovh"
[NONE ][11:54:11] >minion 1 150
[NONE ][11:54:11] Added 150 minions for An unnamed cell
[NONE ][11:55:56] >minion 1 150
[NONE ][11:55:56] Added 150 minions for An unnamed cell
[NONE ][12:01:10] >mass 1 150
[NONE ][12:01:10] Set mass of An unnamed cell to 150.000
[NONE ][12:21:59] DISCONNECTED 10.2.0.6:47161, code: 1001, reason: "", name: "An unnamed cell"
